<?xml version="1.0" encoding="UTF-8"?>
<!-- Generated by org.testng.reporters.JUnitReportReporter -->
<testsuite hostname="DESKTOP-NIE9GPS" failures="0" tests="1" name="demo.Assertion" time="7.115" errors="0" timestamp="2024-02-24T15:58:54 IST" skipped="0">
  <testcase classname="demo.Assertion" name="hardassert" time="7.115">
    <system-out>
      <![CDATA[login page is displayed]]>
    </system-out>
  </testcase> <!-- hardassert -->
  <system-out>
    <![CDATA[login page is displayed]]>
  </system-out>
</testsuite> <!-- demo.Assertion -->
