<?xml version="1.0" encoding="UTF-8"?>
<!-- Generated by org.testng.reporters.JUnitReportReporter -->
<testsuite hostname="DESKTOP-NIE9GPS" failures="0" tests="3" name="demo.DataAnnatation" time="115.521" errors="0" timestamp="2024-02-24T14:20:29 IST" skipped="0">
  <testcase classname="demo.DataAnnatation" name="logintest" time="65.651"/>
  <testcase classname="demo.DataAnnatation" name="logintest" time="25.220"/>
  <testcase classname="demo.DataAnnatation" name="logintest" time="24.650"/>
</testsuite> <!-- demo.DataAnnatation -->
