<?xml version="1.0" encoding="UTF-8"?>
<!-- Generated by org.testng.reporters.JUnitReportReporter -->
<testsuite hostname="DESKTOP-NIE9GPS" failures="0" tests="3" name="demo.Demo1" time="0.014" errors="0" timestamp="2024-02-12T12:59:53 IST" skipped="0">
  <testcase classname="demo.Demo1" name="register" time="0.011">
    <system-out>
      <![CDATA[register]]>
    </system-out>
  </testcase> <!-- register -->
  <testcase classname="demo.Demo1" name="login" time="0.001">
    <system-out>
      <![CDATA[loggedin succesfully]]>
    </system-out>
  </testcase> <!-- login -->
  <testcase classname="demo.Demo1" name="openbrowser" time="0.002">
    <system-out>
      <![CDATA[Browser Opened]]>
    </system-out>
  </testcase> <!-- openbrowser -->
  <system-out>
    <![CDATA[register
loggedin succesfully
Browser Opened]]>
  </system-out>
</testsuite> <!-- demo.Demo1 -->
