<?xml version="1.0" encoding="UTF-8"?>
<!-- Generated by org.testng.reporters.JUnitReportReporter -->
<testsuite hostname="DESKTOP-NIE9GPS" failures="0" tests="1" name="demo.shopers" time="17.068" errors="0" timestamp="2024-02-18T15:44:10 IST" skipped="0">
  <testcase classname="demo.shopers" name="ft" time="17.068"/>
  <system-out>
    <![CDATA[browser opend sucessfuly and navigated to home page
logged in sucessfully
logged out sucessfully
browser closed sucessfullu]]>
  </system-out>
</testsuite> <!-- demo.shopers -->
